This is pdfTeX, Version 3.141592653-2.6-1.40.25 (TeX Live 2023/Debian) (preloaded format=pdflatex 2025.8.1)  4 AUG 2025 12:02
entering extended mode
 restricted \write18 enabled.
 %&-line parsing enabled.
**./images.tex
(./images.tex
LaTeX2e <2023-11-01> patch level 1
L3 programming layer <2024-01-22>

(/usr/share/texlive/texmf-dist/tex/latex/base/article.cls
Document Class: article 2023/05/17 v1.4n Standard LaTeX document class
(/usr/share/texlive/texmf-dist/tex/latex/base/size10.clo
File: size10.clo 2023/05/17 v1.4n Standard LaTeX file (size option)
)
\c@part=\count187
\c@section=\count188
\c@subsection=\count189
\c@subsubsection=\count190
\c@paragraph=\count191
\c@subparagraph=\count192
\c@figure=\count193
\c@table=\count194
\abovecaptionskip=\skip48
\belowcaptionskip=\skip49
\bibindent=\dimen140
) (/usr/share/texlive/texmf-dist/tex/latex/base/ifthen.sty
Package: ifthen 2022/04/13 v1.1d Standard LaTeX ifthen package (DPC)
) (/usr/share/texlive/texmf-dist/tex/latex/amsmath/amsmath.sty
Package: amsmath 2023/05/13 v2.17o AMS math features
\@mathmargin=\skip50
For additional information on amsmath, use the `?' option.
(/usr/share/texlive/texmf-dist/tex/latex/amsmath/amstext.sty
Package: amstext 2021/08/26 v2.01 AMS text
(/usr/share/texlive/texmf-dist/tex/latex/amsmath/amsgen.sty
File: amsgen.sty 1999/11/30 v2.0 generic functions
\@emptytoks=\toks17
\ex@=\dimen141
)) (/usr/share/texlive/texmf-dist/tex/latex/amsmath/amsbsy.sty
Package: amsbsy 1999/11/29 v1.2d Bold Symbols
\pmbraise@=\dimen142
) (/usr/share/texlive/texmf-dist/tex/latex/amsmath/amsopn.sty
Package: amsopn 2022/04/08 v2.04 operator names
)
\inf@bad=\count195
LaTeX Info: Redefining \frac on input line 234.
\uproot@=\count196
\leftroot@=\count197
LaTeX Info: Redefining \overline on input line 399.
LaTeX Info: Redefining \colon on input line 410.
\classnum@=\count198
\DOTSCASE@=\count199
LaTeX Info: Redefining \ldots on input line 496.
LaTeX Info: Redefining \dots on input line 499.
LaTeX Info: Redefining \cdots on input line 620.
\Mathstrutbox@=\box51
\strutbox@=\box52
LaTeX Info: Redefining \big on input line 722.
LaTeX Info: Redefining \Big on input line 723.
LaTeX Info: Redefining \bigg on input line 724.
LaTeX Info: Redefining \Bigg on input line 725.
\big@size=\dimen143
LaTeX Font Info:    Redeclaring font encoding OML on input line 743.
LaTeX Font Info:    Redeclaring font encoding OMS on input line 744.
\macc@depth=\count266
LaTeX Info: Redefining \bmod on input line 905.
LaTeX Info: Redefining \pmod on input line 910.
LaTeX Info: Redefining \smash on input line 940.
LaTeX Info: Redefining \relbar on input line 970.
LaTeX Info: Redefining \Relbar on input line 971.
\c@MaxMatrixCols=\count267
\dotsspace@=\muskip16
\c@parentequation=\count268
\dspbrk@lvl=\count269
\tag@help=\toks18
\row@=\count270
\column@=\count271
\maxfields@=\count272
\andhelp@=\toks19
\eqnshift@=\dimen144
\alignsep@=\dimen145
\tagshift@=\dimen146
\tagwidth@=\dimen147
\totwidth@=\dimen148
\lineht@=\dimen149
\@envbody=\toks20
\multlinegap=\skip51
\multlinetaggap=\skip52
\mathdisplay@stack=\toks21
LaTeX Info: Redefining \[ on input line 2953.
LaTeX Info: Redefining \] on input line 2954.
) (/usr/share/texlive/texmf-dist/tex/latex/amsfonts/amsfonts.sty
Package: amsfonts 2013/01/14 v3.01 Basic AMSFonts support
\symAMSa=\mathgroup4
\symAMSb=\mathgroup5
LaTeX Font Info:    Redeclaring math symbol \hbar on input line 98.
LaTeX Font Info:    Overwriting math alphabet `\mathfrak' in version `bold'
(Font)                  U/euf/m/n --> U/euf/b/n on input line 106.
) (/usr/share/texlive/texmf-dist/tex/latex/tools/bm.sty
Package: bm 2023/07/08 v1.2f Bold Symbol Support (DPC/FMi)
\symboldoperators=\mathgroup6
\symboldletters=\mathgroup7
\symboldsymbols=\mathgroup8
Package bm Info: No bold for \OMX/cmex/m/n, using \pmb.
Package bm Info: No bold for \U/msa/m/n, using \pmb.
Package bm Info: No bold for \U/msb/m/n, using \pmb.
LaTeX Font Info:    Redeclaring math alphabet \mathbf on input line 149.
) (/usr/share/texlive/texmf-dist/tex/latex/hyperref/hyperref.sty
Package: hyperref 2024-01-20 v7.01h Hypertext links for LaTeX
(/usr/share/texlive/texmf-dist/tex/generic/iftex/iftex.sty
Package: iftex 2022/02/03 v1.0f TeX engine tests
) (/usr/share/texlive/texmf-dist/tex/latex/graphics/keyval.sty
Package: keyval 2022/05/29 v1.15 key=value parser (DPC)
\KV@toks@=\toks22
) (/usr/share/texlive/texmf-dist/tex/latex/kvsetkeys/kvsetkeys.sty
Package: kvsetkeys 2022-10-05 v1.19 Key value parser (HO)
) (/usr/share/texlive/texmf-dist/tex/generic/kvdefinekeys/kvdefinekeys.sty
Package: kvdefinekeys 2019-12-19 v1.6 Define keys (HO)
) (/usr/share/texlive/texmf-dist/tex/generic/pdfescape/pdfescape.sty
Package: pdfescape 2019/12/09 v1.15 Implements pdfTeX's escape features (HO)
(/usr/share/texlive/texmf-dist/tex/generic/ltxcmds/ltxcmds.sty
Package: ltxcmds 2023-12-04 v1.26 LaTeX kernel commands for general use (HO)
) (/usr/share/texlive/texmf-dist/tex/generic/pdftexcmds/pdftexcmds.sty
Package: pdftexcmds 2020-06-27 v0.33 Utility functions of pdfTeX for LuaTeX (HO
)
(/usr/share/texlive/texmf-dist/tex/generic/infwarerr/infwarerr.sty
Package: infwarerr 2019/12/03 v1.5 Providing info/warning/error messages (HO)
)
Package pdftexcmds Info: \pdf@primitive is available.
Package pdftexcmds Info: \pdf@ifprimitive is available.
Package pdftexcmds Info: \pdfdraftmode found.
)) (/usr/share/texlive/texmf-dist/tex/latex/hycolor/hycolor.sty
Package: hycolor 2020-01-27 v1.10 Color options for hyperref/bookmark (HO)
) (/usr/share/texlive/texmf-dist/tex/latex/auxhook/auxhook.sty
Package: auxhook 2019-12-17 v1.6 Hooks for auxiliary files (HO)
) (/usr/share/texlive/texmf-dist/tex/latex/hyperref/nameref.sty
Package: nameref 2023-11-26 v2.56 Cross-referencing by name of section
(/usr/share/texlive/texmf-dist/tex/latex/refcount/refcount.sty
Package: refcount 2019/12/15 v3.6 Data extraction from label references (HO)
) (/usr/share/texlive/texmf-dist/tex/generic/gettitlestring/gettitlestring.sty
Package: gettitlestring 2019/12/15 v1.6 Cleanup title references (HO)
(/usr/share/texlive/texmf-dist/tex/latex/kvoptions/kvoptions.sty
Package: kvoptions 2022-06-15 v3.15 Key value format for package options (HO)
))
\c@section@level=\count273
) (/usr/share/texlive/texmf-dist/tex/latex/etoolbox/etoolbox.sty
Package: etoolbox 2020/10/05 v2.5k e-TeX tools for LaTeX (JAW)
\etb@tempcnta=\count274
)
\@linkdim=\dimen150
\Hy@linkcounter=\count275
\Hy@pagecounter=\count276
(/usr/share/texlive/texmf-dist/tex/latex/hyperref/pd1enc.def
File: pd1enc.def 2024-01-20 v7.01h Hyperref: PDFDocEncoding definition (HO)
Now handling font encoding PD1 ...
... no UTF-8 mapping file for font encoding PD1
) (/usr/share/texlive/texmf-dist/tex/generic/intcalc/intcalc.sty
Package: intcalc 2019/12/15 v1.3 Expandable calculations with integers (HO)
)
\Hy@SavedSpaceFactor=\count277
(/usr/share/texlive/texmf-dist/tex/latex/hyperref/puenc.def
File: puenc.def 2024-01-20 v7.01h Hyperref: PDF Unicode definition (HO)
Now handling font encoding PU ...
... no UTF-8 mapping file for font encoding PU
)
Package hyperref Info: Hyper figures OFF on input line 4179.
Package hyperref Info: Link nesting OFF on input line 4184.
Package hyperref Info: Hyper index ON on input line 4187.
Package hyperref Info: Plain pages OFF on input line 4194.
Package hyperref Info: Backreferencing OFF on input line 4199.
Package hyperref Info: Implicit mode ON; LaTeX internals redefined.
Package hyperref Info: Bookmarks ON on input line 4446.
\c@Hy@tempcnt=\count278
(/usr/share/texlive/texmf-dist/tex/latex/url/url.sty
\Urlmuskip=\muskip17
Package: url 2013/09/16  ver 3.4  Verb mode for urls, etc.
)
LaTeX Info: Redefining \url on input line 4784.
\XeTeXLinkMargin=\dimen151
(/usr/share/texlive/texmf-dist/tex/generic/bitset/bitset.sty
Package: bitset 2019/12/09 v1.3 Handle bit-vector datatype (HO)
(/usr/share/texlive/texmf-dist/tex/generic/bigintcalc/bigintcalc.sty
Package: bigintcalc 2019/12/15 v1.5 Expandable calculations on big integers (HO
)
))
\Fld@menulength=\count279
\Field@Width=\dimen152
\Fld@charsize=\dimen153
Package hyperref Info: Hyper figures OFF on input line 6063.
Package hyperref Info: Link nesting OFF on input line 6068.
Package hyperref Info: Hyper index ON on input line 6071.
Package hyperref Info: backreferencing OFF on input line 6078.
Package hyperref Info: Link coloring OFF on input line 6083.
Package hyperref Info: Link coloring with OCG OFF on input line 6088.
Package hyperref Info: PDF/A mode OFF on input line 6093.
(/usr/share/texlive/texmf-dist/tex/latex/base/atbegshi-ltx.sty
Package: atbegshi-ltx 2021/01/10 v1.0c Emulation of the original atbegshi
package with kernel methods
)
\Hy@abspage=\count280
\c@Item=\count281
\c@Hfootnote=\count282
)
Package hyperref Info: Driver (autodetected): hpdftex.
(/usr/share/texlive/texmf-dist/tex/latex/hyperref/hpdftex.def
File: hpdftex.def 2024-01-20 v7.01h Hyperref driver for pdfTeX
(/usr/share/texlive/texmf-dist/tex/latex/base/atveryend-ltx.sty
Package: atveryend-ltx 2020/08/19 v1.0a Emulation of the original atveryend pac
kage
with kernel methods
)
\Fld@listcount=\count283
\c@bookmark@seq@number=\count284
(/usr/share/texlive/texmf-dist/tex/latex/rerunfilecheck/rerunfilecheck.sty
Package: rerunfilecheck 2022-07-10 v1.10 Rerun checks for auxiliary files (HO)
(/usr/share/texlive/texmf-dist/tex/generic/uniquecounter/uniquecounter.sty
Package: uniquecounter 2019/12/15 v1.4 Provide unlimited unique counter (HO)
)
Package uniquecounter Info: New unique counter `rerunfilecheck' on input line 2
85.
)
\Hy@SectionHShift=\skip53
) (/usr/share/texlive/texmf-dist/tex/latex/float/float.sty
Package: float 2001/11/08 v1.3d Float enhancements (AL)
\c@float@type=\count285
\float@exts=\toks23
\float@box=\box53
\@float@everytoks=\toks24
\@floatcapt=\box54
)
\c@theorem=\count286
(/usr/share/texlive/texmf-dist/tex/latex/algorithms/algorithm.sty
Package: algorithm 2009/08/24 v0.1 Document Style `algorithm' - floating enviro
nment
\@float@every@algorithm=\toks25
\c@algorithm=\count287
) (/usr/share/texlive/texmf-dist/tex/latex/algorithmicx/algpseudocode.sty
Package: algpseudocode 
(/usr/share/texlive/texmf-dist/tex/latex/algorithmicx/algorithmicx.sty
Package: algorithmicx 2005/04/27 v1.2 Algorithmicx
Document Style algorithmicx 1.2 - a greatly improved `algorithmic' style
\c@ALG@line=\count288
\c@ALG@rem=\count289
\c@ALG@nested=\count290
\ALG@tlm=\skip54
\ALG@thistlm=\skip55
\c@ALG@Lnr=\count291
\c@ALG@blocknr=\count292
\c@ALG@storecount=\count293
\c@ALG@tmpcounter=\count294
\ALG@tmplength=\skip56
)
Document Style - pseudocode environments for use with the `algorithmicx' style
) (/usr/share/texlive/texmf-dist/tex/latex/cleveref/cleveref.sty
Package: cleveref 2018/03/27 v0.21.4 Intelligent cross-referencing
Package cleveref Info: `hyperref' support loaded on input line 2370.
LaTeX Info: Redefining \cref on input line 2370.
LaTeX Info: Redefining \Cref on input line 2370.
LaTeX Info: Redefining \crefrange on input line 2370.
LaTeX Info: Redefining \Crefrange on input line 2370.
LaTeX Info: Redefining \cpageref on input line 2370.
LaTeX Info: Redefining \Cpageref on input line 2370.
LaTeX Info: Redefining \cpagerefrange on input line 2370.
LaTeX Info: Redefining \Cpagerefrange on input line 2370.
LaTeX Info: Redefining \labelcref on input line 2370.
LaTeX Info: Redefining \labelcpageref on input line 2370.
Package cleveref Info: `algorithmicx' support loaded on input line 3120.
) (/usr/share/texlive/texmf-dist/tex/latex/booktabs/booktabs.sty
Package: booktabs 2020/01/12 v1.61803398 Publication quality tables
\heavyrulewidth=\dimen154
\lightrulewidth=\dimen155
\cmidrulewidth=\dimen156
\belowrulesep=\dimen157
\belowbottomsep=\dimen158
\aboverulesep=\dimen159
\abovetopsep=\dimen160
\cmidrulesep=\dimen161
\cmidrulekern=\dimen162
\defaultaddspace=\dimen163
\@cmidla=\count295
\@cmidlb=\count296
\@aboverulesep=\dimen164
\@belowrulesep=\dimen165
\@thisruleclass=\count297
\@lastruleclass=\count298
\@thisrulewidth=\dimen166
) (/usr/share/texlive/texmf-dist/tex/latex/graphics/graphicx.sty
Package: graphicx 2021/09/16 v1.2d Enhanced LaTeX Graphics (DPC,SPQR)
(/usr/share/texlive/texmf-dist/tex/latex/graphics/graphics.sty
Package: graphics 2022/03/10 v1.4e Standard LaTeX Graphics (DPC,SPQR)
(/usr/share/texlive/texmf-dist/tex/latex/graphics/trig.sty
Package: trig 2021/08/11 v1.11 sin cos tan (DPC)
) (/usr/share/texlive/texmf-dist/tex/latex/graphics-cfg/graphics.cfg
File: graphics.cfg 2016/06/04 v1.11 sample graphics configuration
)
Package graphics Info: Driver file: pdftex.def on input line 107.
(/usr/share/texlive/texmf-dist/tex/latex/graphics-def/pdftex.def
File: pdftex.def 2022/09/22 v1.2b Graphics/color driver for pdftex
))
\Gin@req@height=\dimen167
\Gin@req@width=\dimen168
) (/usr/share/texlive/texmf-dist/tex/latex/multirow/multirow.sty
Package: multirow 2021/03/15 v2.8 Span multiple rows of a table
\multirow@colwidth=\skip57
\multirow@cntb=\count299
\multirow@dima=\skip58
\bigstrutjot=\dimen169
) (/usr/share/texlive/texmf-dist/tex/latex/draftwatermark/draftwatermark.sty
Package: draftwatermark 2020/12/08 3.0 Put a gray textual watermark on document
 pages
(/usr/share/texlive/texmf-dist/tex/latex/graphics/color.sty
Package: color 2022/01/06 v1.3d Standard LaTeX Color (DPC)
(/usr/share/texlive/texmf-dist/tex/latex/graphics-cfg/color.cfg
File: color.cfg 2016/01/02 v1.6 sample color configuration
)
Package color Info: Driver file: pdftex.def on input line 149.
(/usr/share/texlive/texmf-dist/tex/latex/graphics/mathcolor.ltx))) (/usr/share/
texlive/texmf-dist/tex/latex/fancyhdr/fancyhdr.sty
Package: fancyhdr 2022/11/09 v4.1 Extensive control of page headers and footers

\f@nch@headwidth=\skip59
\f@nch@O@elh=\skip60
\f@nch@O@erh=\skip61
\f@nch@O@olh=\skip62
\f@nch@O@orh=\skip63
\f@nch@O@elf=\skip64
\f@nch@O@erf=\skip65
\f@nch@O@olf=\skip66
\f@nch@O@orf=\skip67
) (/usr/share/texlive/texmf-dist/tex/latex/lipsum/lipsum.sty (/usr/share/texliv
e/texmf-dist/tex/latex/l3packages/l3keys2e/l3keys2e.sty (/usr/share/texlive/tex
mf-dist/tex/latex/l3kernel/expl3.sty
Package: expl3 2024-01-22 L3 programming layer (loader) 
(/usr/share/texlive/texmf-dist/tex/latex/l3backend/l3backend-pdftex.def
File: l3backend-pdftex.def 2024-01-04 L3 backend support: PDF output (pdfTeX)
\l__color_backend_stack_int=\count300
\l__pdf_internal_box=\box55
))
Package: l3keys2e 2023-10-10 LaTeX2e option processing using LaTeX3 keys
)
Package: lipsum 2021-09-20 v2.7 150 paragraphs of Lorem Ipsum dummy text
\g__lipsum_par_int=\count301
\l__lipsum_a_int=\count302
\l__lipsum_b_int=\count303
(/usr/share/texlive/texmf-dist/tex/latex/lipsum/lipsum.ltd.tex)) (/usr/share/te
xlive/texmf-dist/tex/latex/xcolor/xcolor.sty
Package: xcolor 2023/11/15 v3.01 LaTeX color extensions (UK)
(/usr/share/texlive/texmf-dist/tex/latex/graphics-cfg/color.cfg
File: color.cfg 2016/01/02 v1.6 sample color configuration
)
Package xcolor Info: Driver file: pdftex.def on input line 274.
LaTeX Info: Redefining \color on input line 758.
(/usr/share/texlive/texmf-dist/tex/latex/graphics/mathcolor.ltx)
Package xcolor Info: Model `cmy' substituted by `cmy0' on input line 1350.
Package xcolor Info: Model `hsb' substituted by `rgb' on input line 1354.
Package xcolor Info: Model `RGB' extended on input line 1366.
Package xcolor Info: Model `HTML' substituted by `rgb' on input line 1368.
Package xcolor Info: Model `Hsb' substituted by `hsb' on input line 1369.
Package xcolor Info: Model `tHsb' substituted by `hsb' on input line 1370.
Package xcolor Info: Model `HSB' substituted by `hsb' on input line 1371.
Package xcolor Info: Model `Gray' substituted by `gray' on input line 1372.
Package xcolor Info: Model `wave' substituted by `hsb' on input line 1373.
)
\sizebox=\box56
\lthtmlwrite=\write3
(/usr/share/texmf/tex/latex/preview/preview.sty
Package: preview 2023/01/17 13.2 (AUCTeX/preview-latex)
(/usr/share/texmf/tex/latex/preview/prtightpage.def
\PreviewBorder=\dimen170
)
\pr@snippet=\count304
\pr@box=\box57
\pr@output=\toks26
)
\lthtmlPageBox=\box58
\lthtmlCropMarkHeight=\dimen171
\lthtmlCropMarkDepth=\dimen172
(./images.aux)
\openout1 = `images.aux'.

LaTeX Font Info:    Checking defaults for OML/cmm/m/it on input line 137.
LaTeX Font Info:    ... okay on input line 137.
LaTeX Font Info:    Checking defaults for OMS/cmsy/m/n on input line 137.
LaTeX Font Info:    ... okay on input line 137.
LaTeX Font Info:    Checking defaults for OT1/cmr/m/n on input line 137.
LaTeX Font Info:    ... okay on input line 137.
LaTeX Font Info:    Checking defaults for T1/cmr/m/n on input line 137.
LaTeX Font Info:    ... okay on input line 137.
LaTeX Font Info:    Checking defaults for TS1/cmr/m/n on input line 137.
LaTeX Font Info:    ... okay on input line 137.
LaTeX Font Info:    Checking defaults for OMX/cmex/m/n on input line 137.
LaTeX Font Info:    ... okay on input line 137.
LaTeX Font Info:    Checking defaults for U/cmr/m/n on input line 137.
LaTeX Font Info:    ... okay on input line 137.
LaTeX Font Info:    Checking defaults for PD1/pdf/m/n on input line 137.
LaTeX Font Info:    ... okay on input line 137.
LaTeX Font Info:    Checking defaults for PU/pdf/m/n on input line 137.
LaTeX Font Info:    ... okay on input line 137.
Package hyperref Info: Link coloring OFF on input line 137.
\@outlinefile=\write4
\openout4 = `images.out'.

(/usr/share/texlive/texmf-dist/tex/context/base/mkii/supp-pdf.mkii
[Loading MPS to PDF converter (version 2006.09.02).]
\scratchcounter=\count305
\scratchdimen=\dimen173
\scratchbox=\box59
\nofMPsegments=\count306
\nofMParguments=\count307
\everyMPshowfont=\toks27
\MPscratchCnt=\count308
\MPscratchDim=\dimen174
\MPnumerator=\count309
\makeMPintoPDFobject=\count310
\everyMPtoPDFconversion=\toks28
) (/usr/share/texlive/texmf-dist/tex/latex/epstopdf-pkg/epstopdf-base.sty
Package: epstopdf-base 2020-01-24 v2.11 Base part for package epstopdf
(/usr/share/texlive/texmf-dist/tex/latex/grfext/grfext.sty
Package: grfext 2019/12/03 v1.3 Manage graphics extensions (HO)
)
Package epstopdf-base Info: Redefining graphics rule for `.eps' on input line 4
85.
Package grfext Info: Graphics extension search list:
(grfext)             [.pdf,.png,.jpg,.mps,.jpeg,.jbig2,.jb2,.PDF,.PNG,.JPG,.JPE
G,.JBIG2,.JB2,.eps]
(grfext)             \AppendGraphicsExtensions on input line 504.
(/usr/share/texlive/texmf-dist/tex/latex/latexconfig/epstopdf-sys.cfg
File: epstopdf-sys.cfg 2010/07/13 v1.3 Configuration of (r)epstopdf for TeX Liv
e
))
Preview: Fontsize 10pt
Preview: PDFoutput 1

latex2htmlLength hsize=345.0pt

latex2htmlLength vsize=633.0pt

latex2htmlLength hoffset=0.0pt

latex2htmlLength voffset=0.0pt

latex2htmlLength topmargin=0.0pt

latex2htmlLength topskip=0.00003pt

latex2htmlLength headheight=0.0pt

latex2htmlLength headsep=0.0pt

latex2htmlLength parskip=0.0pt plus 1.0pt

latex2htmlLength oddsidemargin=62.0pt

latex2htmlLength evensidemargin=62.0pt

LaTeX Font Info:    Trying to load font information for U+msa on input line 163
.
(/usr/share/texlive/texmf-dist/tex/latex/amsfonts/umsa.fd
File: umsa.fd 2013/01/14 v3.01 AMS symbols A
)
LaTeX Font Info:    Trying to load font information for U+msb on input line 163
.
(/usr/share/texlive/texmf-dist/tex/latex/amsfonts/umsb.fd
File: umsb.fd 2013/01/14 v3.01 AMS symbols B
)

:tex2html_wrap_inline1261:lthtmlCropMarkHeight:=10.30554pt

:tex2html_wrap_inline1261:lthtmlCropMarkDepth:=0.0pt:1ex:=4.30554pt
Preview: Tightpage -32890 -32890 32890 32890

LaTeX Font Warning: Font shape `OT1/cmr/m/n' in size <153.57375> not available
(Font)              size <24.88> substituted on input line 163.

[1{/var/lib/texmf/fonts/map/pdftex/updmap/pdftex.map}]

:tex2html_wrap_inline1263:lthtmlCropMarkHeight:=12.94444pt

:tex2html_wrap_inline1263:lthtmlCropMarkDepth:=1.49998pt:1ex:=4.30554pt
[2]

:tex2html_wrap_inline1265:lthtmlCropMarkHeight:=13.5pt

:tex2html_wrap_inline1265:lthtmlCropMarkDepth:=2.5pt:1ex:=4.30554pt
[3]

:tex2html_wrap_indisplay1267:lthtmlCropMarkHeight:=14.91226pt

:tex2html_wrap_indisplay1267:lthtmlCropMarkDepth:=2.5pt:1ex:=4.30554pt
[4]

:tex2html_wrap_inline1269:lthtmlCropMarkHeight:=12.83331pt

:tex2html_wrap_inline1269:lthtmlCropMarkDepth:=0.0pt:1ex:=4.30554pt
[5]

:tex2html_wrap_inline1271:lthtmlCropMarkHeight:=13.5pt

:tex2html_wrap_inline1271:lthtmlCropMarkDepth:=2.5pt:1ex:=4.30554pt
[6]

:tex2html_wrap_inline1273:lthtmlCropMarkHeight:=13.5pt

:tex2html_wrap_inline1273:lthtmlCropMarkDepth:=2.5pt:1ex:=4.30554pt
[7]

:tex2html_wrap_inline1275:lthtmlCropMarkHeight:=12.94444pt

:tex2html_wrap_inline1275:lthtmlCropMarkDepth:=0.0pt:1ex:=4.30554pt
[8]

:tex2html_wrap_inline1285:lthtmlCropMarkHeight:=12.94444pt

:tex2html_wrap_inline1285:lthtmlCropMarkDepth:=1.94444pt:1ex:=4.30554pt
[9]

:tex2html_wrap_inline1289:lthtmlCropMarkHeight:=13.5pt

:tex2html_wrap_inline1289:lthtmlCropMarkDepth:=2.5pt:1ex:=4.30554pt
[10]

:tex2html_wrap_indisplay1291:lthtmlCropMarkHeight:=14.91226pt

:tex2html_wrap_indisplay1291:lthtmlCropMarkDepth:=2.5pt:1ex:=4.30554pt
[11]

:tex2html_wrap_inline1295:lthtmlCropMarkHeight:=13.5pt

:tex2html_wrap_inline1295:lthtmlCropMarkDepth:=2.5pt:1ex:=4.30554pt
[12]

:tex2html_wrap_inline1302:lthtmlCropMarkHeight:=12.94444pt

:tex2html_wrap_inline1302:lthtmlCropMarkDepth:=1.94444pt:1ex:=4.30554pt
[13]

:tex2html_wrap_inline1304:lthtmlCropMarkHeight:=12.83331pt

:tex2html_wrap_inline1304:lthtmlCropMarkDepth:=0.0pt:1ex:=4.30554pt
[14]

:tex2html_wrap_inline1306:lthtmlCropMarkHeight:=12.83331pt

:tex2html_wrap_inline1306:lthtmlCropMarkDepth:=0.0pt:1ex:=4.30554pt
[15]

:tex2html_wrap_inline1308:lthtmlCropMarkHeight:=12.83331pt

:tex2html_wrap_inline1308:lthtmlCropMarkDepth:=0.0pt:1ex:=4.30554pt
[16]

:tex2html_wrap_inline1312:lthtmlCropMarkHeight:=12.88889pt

:tex2html_wrap_inline1312:lthtmlCropMarkDepth:=0.0pt:1ex:=4.30554pt
[17]

:tex2html_wrap_inline1314:lthtmlCropMarkHeight:=12.88889pt

:tex2html_wrap_inline1314:lthtmlCropMarkDepth:=0.0pt:1ex:=4.30554pt
[18]

:tex2html_wrap_inline1316:lthtmlCropMarkHeight:=14.49002pt

:tex2html_wrap_inline1316:lthtmlCropMarkDepth:=0.0pt:1ex:=4.30554pt
[19]

:tex2html_wrap_inline1318:lthtmlCropMarkHeight:=13.5pt

:tex2html_wrap_inline1318:lthtmlCropMarkDepth:=2.5pt:1ex:=4.30554pt
[20]

:tex2html_wrap_inline1324:lthtmlCropMarkHeight:=12.94444pt

:tex2html_wrap_inline1324:lthtmlCropMarkDepth:=1.94444pt:1ex:=4.30554pt
[21]

:tex2html_wrap_inline1326:lthtmlCropMarkHeight:=12.94444pt

:tex2html_wrap_inline1326:lthtmlCropMarkDepth:=1.49998pt:1ex:=4.30554pt
[22]

:tex2html_wrap_inline1328:lthtmlCropMarkHeight:=12.94444pt

:tex2html_wrap_inline1328:lthtmlCropMarkDepth:=2.49998pt:1ex:=4.30554pt
[23]

:tex2html_wrap_inline1330:lthtmlCropMarkHeight:=13.5pt

:tex2html_wrap_inline1330:lthtmlCropMarkDepth:=2.5pt:1ex:=4.30554pt
[24]

:tex2html_wrap_inline1334:lthtmlCropMarkHeight:=13.5pt

:tex2html_wrap_inline1334:lthtmlCropMarkDepth:=2.5pt:1ex:=4.30554pt
[25]

:tex2html_wrap_indisplay1336:lthtmlCropMarkHeight:=13.5pt

:tex2html_wrap_indisplay1336:lthtmlCropMarkDepth:=2.97415pt:1ex:=4.30554pt
[26]

:tex2html_wrap_inline1338:lthtmlCropMarkHeight:=15.81114pt

:tex2html_wrap_inline1338:lthtmlCropMarkDepth:=2.99998pt:1ex:=4.30554pt
[27]

:tex2html_wrap_inline1340:lthtmlCropMarkHeight:=12.94444pt

:tex2html_wrap_inline1340:lthtmlCropMarkDepth:=0.39098pt:1ex:=4.30554pt
[28]

:tex2html_wrap_inline1342:lthtmlCropMarkHeight:=13.5pt

:tex2html_wrap_inline1342:lthtmlCropMarkDepth:=2.5pt:1ex:=4.30554pt
[29]

:tex2html_wrap_inline1344:lthtmlCropMarkHeight:=13.5pt

:tex2html_wrap_inline1344:lthtmlCropMarkDepth:=2.5pt:1ex:=4.30554pt
[30]

:tex2html_wrap_inline1350:lthtmlCropMarkHeight:=13.5pt

:tex2html_wrap_inline1350:lthtmlCropMarkDepth:=2.5pt:1ex:=4.30554pt
[31]

:tex2html_wrap_indisplay1352:lthtmlCropMarkHeight:=13.5pt

:tex2html_wrap_indisplay1352:lthtmlCropMarkDepth:=2.5pt:1ex:=4.30554pt
[32]

:tex2html_wrap_inline1354:lthtmlCropMarkHeight:=15.58334pt

:tex2html_wrap_inline1354:lthtmlCropMarkDepth:=2.5pt:1ex:=4.30554pt
[33]

:tex2html_wrap_indisplay1358:lthtmlCropMarkHeight:=15.58334pt

:tex2html_wrap_indisplay1358:lthtmlCropMarkDepth:=3.55557pt:1ex:=4.30554pt
[34]

:tex2html_wrap_indisplay1362:lthtmlCropMarkHeight:=15.58334pt

:tex2html_wrap_indisplay1362:lthtmlCropMarkDepth:=2.5pt:1ex:=4.30554pt
[35]

:tex2html_wrap_indisplay1363:lthtmlCropMarkHeight:=13.5pt

:tex2html_wrap_indisplay1363:lthtmlCropMarkDepth:=3.55557pt:1ex:=4.30554pt
[36]

:tex2html_wrap_indisplay1364:lthtmlCropMarkHeight:=13.5pt

:tex2html_wrap_indisplay1364:lthtmlCropMarkDepth:=3.55557pt:1ex:=4.30554pt
[37]

:tex2html_wrap_inline1367:lthtmlCropMarkHeight:=13.5pt

:tex2html_wrap_inline1367:lthtmlCropMarkDepth:=2.5pt:1ex:=4.30554pt
[38]

:tex2html_wrap_inline1369:lthtmlCropMarkHeight:=14.49002pt

:tex2html_wrap_inline1369:lthtmlCropMarkDepth:=2.60292pt:1ex:=4.30554pt
[39]

:tex2html_wrap_indisplay1371:lthtmlCropMarkHeight:=24.36115pt

:tex2html_wrap_indisplay1371:lthtmlCropMarkDepth:=12.79865pt:1ex:=4.30554pt
[40]

:tex2html_wrap_indisplay1373:lthtmlCropMarkHeight:=24.36115pt

:tex2html_wrap_indisplay1373:lthtmlCropMarkDepth:=12.79865pt:1ex:=4.30554pt
[41]

:tex2html_wrap_inline1375:lthtmlCropMarkHeight:=17.58324pt

:tex2html_wrap_inline1375:lthtmlCropMarkDepth:=2.5pt:1ex:=4.30554pt
[42]

:tex2html_wrap_inline1377:lthtmlCropMarkHeight:=17.58324pt

:tex2html_wrap_inline1377:lthtmlCropMarkDepth:=2.5pt:1ex:=4.30554pt
[43]

:tex2html_wrap_inline1379:lthtmlCropMarkHeight:=13.5pt

:tex2html_wrap_inline1379:lthtmlCropMarkDepth:=2.5pt:1ex:=4.30554pt
[44]

:tex2html_wrap_inline1382:lthtmlCropMarkHeight:=12.94444pt

:tex2html_wrap_inline1382:lthtmlCropMarkDepth:=1.49998pt:1ex:=4.30554pt
[45]

:tex2html_wrap_inline1384:lthtmlCropMarkHeight:=13.5pt

:tex2html_wrap_inline1384:lthtmlCropMarkDepth:=2.5pt:1ex:=4.30554pt
[46]

:tex2html_wrap_inline1386:lthtmlCropMarkHeight:=13.96227pt

:tex2html_wrap_inline1386:lthtmlCropMarkDepth:=0.39098pt:1ex:=4.30554pt
[47]

:tex2html_wrap_indisplay1388:lthtmlCropMarkHeight:=25.53905pt

:tex2html_wrap_indisplay1388:lthtmlCropMarkDepth:=12.50015pt:1ex:=4.30554pt
[48]

:tex2html_wrap_indisplay1391:lthtmlCropMarkHeight:=23.50014pt

:tex2html_wrap_indisplay1391:lthtmlCropMarkDepth:=12.50015pt:1ex:=4.30554pt
[49]

:tex2html_wrap_indisplay1393:lthtmlCropMarkHeight:=18.04002pt

:tex2html_wrap_indisplay1393:lthtmlCropMarkDepth:=5.9pt:1ex:=4.30554pt
[50]

:tex2html_wrap_inline1398:lthtmlCropMarkHeight:=12.94444pt

:tex2html_wrap_inline1398:lthtmlCropMarkDepth:=1.49998pt:1ex:=4.30554pt
[51]

:tex2html_wrap_indisplay1400:lthtmlCropMarkHeight:=23.50014pt

:tex2html_wrap_indisplay1400:lthtmlCropMarkDepth:=12.50015pt:1ex:=4.30554pt
[52]

:tex2html_wrap_inline1402:lthtmlCropMarkHeight:=14.79842pt

:tex2html_wrap_inline1402:lthtmlCropMarkDepth:=5.00005pt:1ex:=4.30554pt
[53]

:tex2html_wrap_inline1404:lthtmlCropMarkHeight:=14.49002pt

:tex2html_wrap_inline1404:lthtmlCropMarkDepth:=2.5pt:1ex:=4.30554pt
[54]

:tex2html_wrap_inline1408:lthtmlCropMarkHeight:=13.5pt

:tex2html_wrap_inline1408:lthtmlCropMarkDepth:=2.5pt:1ex:=4.30554pt
[55]

:tex2html_wrap_inline1410:lthtmlCropMarkHeight:=13.5pt

:tex2html_wrap_inline1410:lthtmlCropMarkDepth:=2.5pt:1ex:=4.30554pt
[56]

:tex2html_wrap_inline1414:lthtmlCropMarkHeight:=13.5pt

:tex2html_wrap_inline1414:lthtmlCropMarkDepth:=2.5pt:1ex:=4.30554pt
[57]

:tex2html_wrap_inline1418:lthtmlCropMarkHeight:=13.5pt

:tex2html_wrap_inline1418:lthtmlCropMarkDepth:=2.5pt:1ex:=4.30554pt
[58]

:tex2html_wrap_inline1420:lthtmlCropMarkHeight:=13.5pt

:tex2html_wrap_inline1420:lthtmlCropMarkDepth:=2.5pt:1ex:=4.30554pt
[59]

:tex2html_wrap_indisplay1427:lthtmlCropMarkHeight:=13.5pt

:tex2html_wrap_indisplay1427:lthtmlCropMarkDepth:=3.55557pt:1ex:=4.30554pt
[60]

:tex2html_wrap_indisplay1428:lthtmlCropMarkHeight:=13.5pt

:tex2html_wrap_indisplay1428:lthtmlCropMarkDepth:=3.55557pt:1ex:=4.30554pt
[61]

:tex2html_wrap_indisplay1429:lthtmlCropMarkHeight:=13.5pt

:tex2html_wrap_indisplay1429:lthtmlCropMarkDepth:=3.55557pt:1ex:=4.30554pt
[62]

:tex2html_wrap_indisplay1430:lthtmlCropMarkHeight:=13.5pt

:tex2html_wrap_indisplay1430:lthtmlCropMarkDepth:=2.5pt:1ex:=4.30554pt
[63]

:tex2html_wrap_indisplay1431:lthtmlCropMarkHeight:=13.5pt

:tex2html_wrap_indisplay1431:lthtmlCropMarkDepth:=3.55557pt:1ex:=4.30554pt
[64]

:tex2html_wrap_indisplay1432:lthtmlCropMarkHeight:=9.66875pt

:tex2html_wrap_indisplay1432:lthtmlCropMarkDepth:=0.0pt:1ex:=4.30554pt
[65]

:tex2html_wrap_indisplay1433:lthtmlCropMarkHeight:=13.5pt

:tex2html_wrap_indisplay1433:lthtmlCropMarkDepth:=3.55557pt:1ex:=4.30554pt
[66]

:tex2html_wrap_indisplay1435:lthtmlCropMarkHeight:=13.5pt

:tex2html_wrap_indisplay1435:lthtmlCropMarkDepth:=3.55557pt:1ex:=4.30554pt
[67]

:tex2html_wrap_indisplay1437:lthtmlCropMarkHeight:=13.5pt

:tex2html_wrap_indisplay1437:lthtmlCropMarkDepth:=3.55557pt:1ex:=4.30554pt
[68]

:tex2html_wrap_indisplay1438:lthtmlCropMarkHeight:=14.91226pt

:tex2html_wrap_indisplay1438:lthtmlCropMarkDepth:=2.5pt:1ex:=4.30554pt
[69]

:tex2html_wrap_inline1440:lthtmlCropMarkHeight:=15.58334pt

:tex2html_wrap_inline1440:lthtmlCropMarkDepth:=2.5pt:1ex:=4.30554pt
[70]

:tex2html_wrap_indisplay1444:lthtmlCropMarkHeight:=15.58334pt

:tex2html_wrap_indisplay1444:lthtmlCropMarkDepth:=2.5pt:1ex:=4.30554pt
[71]

:tex2html_wrap_indisplay1446:lthtmlCropMarkHeight:=18.98334pt

:tex2html_wrap_indisplay1446:lthtmlCropMarkDepth:=5.9pt:1ex:=4.30554pt
[72]

:tex2html_wrap_inline1449:lthtmlCropMarkHeight:=13.5pt

:tex2html_wrap_inline1449:lthtmlCropMarkDepth:=2.5pt:1ex:=4.30554pt
[73]

:tex2html_wrap_inline1451:lthtmlCropMarkHeight:=11.83333pt

:tex2html_wrap_inline1451:lthtmlCropMarkDepth:=0.83333pt:1ex:=4.30554pt
[74]

:tex2html_wrap_inline1453:lthtmlCropMarkHeight:=12.83331pt

:tex2html_wrap_inline1453:lthtmlCropMarkDepth:=0.0pt:1ex:=4.30554pt
[75]

:tex2html_wrap_inline1455:lthtmlCropMarkHeight:=13.96227pt

:tex2html_wrap_inline1455:lthtmlCropMarkDepth:=0.39098pt:1ex:=4.30554pt
[76]

:tex2html_wrap_inline1457:lthtmlCropMarkHeight:=13.96227pt

:tex2html_wrap_inline1457:lthtmlCropMarkDepth:=3.55557pt:1ex:=4.30554pt
[77]

:tex2html_wrap_inline1459:lthtmlCropMarkHeight:=10.30554pt

:tex2html_wrap_inline1459:lthtmlCropMarkDepth:=1.49998pt:1ex:=4.30554pt
[78]

:tex2html_wrap_inline1461:lthtmlCropMarkHeight:=12.94444pt

:tex2html_wrap_inline1461:lthtmlCropMarkDepth:=0.0pt:1ex:=4.30554pt
[79]

:tex2html_wrap_inline1463:lthtmlCropMarkHeight:=15.8112pt

:tex2html_wrap_inline1463:lthtmlCropMarkDepth:=3.00005pt:1ex:=4.30554pt
[80]

:tex2html_wrap_inline1467:lthtmlCropMarkHeight:=14.14003pt

:tex2html_wrap_inline1467:lthtmlCropMarkDepth:=0.0pt:1ex:=4.30554pt
[81]

:tex2html_wrap_inline1469:lthtmlCropMarkHeight:=14.14003pt

:tex2html_wrap_inline1469:lthtmlCropMarkDepth:=2.83209pt:1ex:=4.30554pt
[82]

:tex2html_wrap_inline1471:lthtmlCropMarkHeight:=12.83331pt

:tex2html_wrap_inline1471:lthtmlCropMarkDepth:=1.49998pt:1ex:=4.30554pt
[83]

:tex2html_wrap_inline1473:lthtmlCropMarkHeight:=12.83331pt

:tex2html_wrap_inline1473:lthtmlCropMarkDepth:=2.33333pt:1ex:=4.30554pt
[84]

:tex2html_wrap_inline1475:lthtmlCropMarkHeight:=10.30554pt

:tex2html_wrap_inline1475:lthtmlCropMarkDepth:=2.33333pt:1ex:=4.30554pt
[85]

:tex2html_wrap_inline1477:lthtmlCropMarkHeight:=12.94444pt

:tex2html_wrap_inline1477:lthtmlCropMarkDepth:=0.83333pt:1ex:=4.30554pt
[86]

:tex2html_wrap_inline1479:lthtmlCropMarkHeight:=10.30554pt

:tex2html_wrap_inline1479:lthtmlCropMarkDepth:=1.94444pt:1ex:=4.30554pt
[87]

:tex2html_wrap_inline1485:lthtmlCropMarkHeight:=14.50005pt

:tex2html_wrap_inline1485:lthtmlCropMarkDepth:=3.55557pt:1ex:=4.30554pt
[88]

:tex2html_wrap_inline1487:lthtmlCropMarkHeight:=14.50005pt

:tex2html_wrap_inline1487:lthtmlCropMarkDepth:=3.66544pt:1ex:=4.30554pt
[89]

:tex2html_wrap_inline1489:lthtmlCropMarkHeight:=14.49002pt

:tex2html_wrap_inline1489:lthtmlCropMarkDepth:=3.55557pt:1ex:=4.30554pt
[90]

:tex2html_wrap_inline1491:lthtmlCropMarkHeight:=14.49002pt

:tex2html_wrap_inline1491:lthtmlCropMarkDepth:=3.55557pt:1ex:=4.30554pt
[91]

:tex2html_wrap_inline1495:lthtmlCropMarkHeight:=14.49002pt

:tex2html_wrap_inline1495:lthtmlCropMarkDepth:=0.0pt:1ex:=4.30554pt
[92]

:tex2html_wrap_inline1497:lthtmlCropMarkHeight:=14.14003pt

:tex2html_wrap_inline1497:lthtmlCropMarkDepth:=2.83209pt:1ex:=4.30554pt
[93]

:tex2html_wrap_inline1499:lthtmlCropMarkHeight:=14.14003pt

:tex2html_wrap_inline1499:lthtmlCropMarkDepth:=2.67934pt:1ex:=4.30554pt
[94]

:tex2html_wrap_inline1501:lthtmlCropMarkHeight:=14.50005pt

:tex2html_wrap_inline1501:lthtmlCropMarkDepth:=3.55557pt:1ex:=4.30554pt
[95]

:tex2html_wrap_inline1503:lthtmlCropMarkHeight:=12.83331pt

:tex2html_wrap_inline1503:lthtmlCropMarkDepth:=1.49998pt:1ex:=4.30554pt
[96]

:tex2html_wrap_indisplay1505:lthtmlCropMarkHeight:=31.77216pt

:tex2html_wrap_indisplay1505:lthtmlCropMarkDepth:=20.77216pt:1ex:=4.30554pt
[97]

:tex2html_wrap_inline1510:lthtmlCropMarkHeight:=13.5pt

:tex2html_wrap_inline1510:lthtmlCropMarkDepth:=2.5pt:1ex:=4.30554pt
[98]

:tex2html_wrap_inline1518:lthtmlCropMarkHeight:=12.94444pt

:tex2html_wrap_inline1518:lthtmlCropMarkDepth:=1.94444pt:1ex:=4.30554pt
[99]

:tex2html_wrap_inline1524:lthtmlCropMarkHeight:=15.32217pt

:tex2html_wrap_inline1524:lthtmlCropMarkDepth:=5.42062pt:1ex:=4.30554pt
[100]

:tex2html_wrap_inline1526:lthtmlCropMarkHeight:=17.50009pt

:tex2html_wrap_inline1526:lthtmlCropMarkDepth:=8.00008pt:1ex:=4.30554pt
[101]

:tex2html_wrap_inline1528:lthtmlCropMarkHeight:=13.5pt

:tex2html_wrap_inline1528:lthtmlCropMarkDepth:=2.5pt:1ex:=4.30554pt
[102]

:tex2html_wrap_inline1532:lthtmlCropMarkHeight:=12.94444pt

:tex2html_wrap_inline1532:lthtmlCropMarkDepth:=1.94444pt:1ex:=4.30554pt
[103]

:tex2html_wrap_indisplay1534:lthtmlCropMarkHeight:=31.23897pt

:tex2html_wrap_indisplay1534:lthtmlCropMarkDepth:=20.23897pt:1ex:=4.30554pt
[104]

:tex2html_wrap_inline1536:lthtmlCropMarkHeight:=12.94444pt

:tex2html_wrap_inline1536:lthtmlCropMarkDepth:=0.0pt:1ex:=4.30554pt
[105]

:tex2html_wrap_indisplay1540:lthtmlCropMarkHeight:=15.58334pt

:tex2html_wrap_indisplay1540:lthtmlCropMarkDepth:=2.5pt:1ex:=4.30554pt
[106]

:tex2html_wrap_inline1542:lthtmlCropMarkHeight:=13.5pt

:tex2html_wrap_inline1542:lthtmlCropMarkDepth:=2.5pt:1ex:=4.30554pt
[107]

:tex2html_wrap_inline1544:lthtmlCropMarkHeight:=12.94444pt

:tex2html_wrap_inline1544:lthtmlCropMarkDepth:=0.0pt:1ex:=4.30554pt
[108]

:tex2html_wrap_inline1546:lthtmlCropMarkHeight:=13.5pt

:tex2html_wrap_inline1546:lthtmlCropMarkDepth:=2.5pt:1ex:=4.30554pt
[109]

:tex2html_wrap_inline1548:lthtmlCropMarkHeight:=14.79842pt

:tex2html_wrap_inline1548:lthtmlCropMarkDepth:=5.00005pt:1ex:=4.30554pt
[110]

:tex2html_wrap_inline1550:lthtmlCropMarkHeight:=13.5pt

:tex2html_wrap_inline1550:lthtmlCropMarkDepth:=2.5pt:1ex:=4.30554pt
[111]

:tex2html_wrap_inline1552:lthtmlCropMarkHeight:=17.50009pt

:tex2html_wrap_inline1552:lthtmlCropMarkDepth:=8.00008pt:1ex:=4.30554pt
[112]

:tex2html_wrap_inline1554:lthtmlCropMarkHeight:=14.49002pt

:tex2html_wrap_inline1554:lthtmlCropMarkDepth:=2.33333pt:1ex:=4.30554pt
[113]

:tex2html_wrap_inline1556:lthtmlCropMarkHeight:=14.49002pt

:tex2html_wrap_inline1556:lthtmlCropMarkDepth:=1.94444pt:1ex:=4.30554pt
[114]

:tex2html_wrap_indisplay1559:lthtmlCropMarkHeight:=13.5pt

:tex2html_wrap_indisplay1559:lthtmlCropMarkDepth:=2.5pt:1ex:=4.30554pt
[115]

:tex2html_wrap_indisplay1560:lthtmlCropMarkHeight:=23.50014pt

:tex2html_wrap_indisplay1560:lthtmlCropMarkDepth:=12.50015pt:1ex:=4.30554pt
[116]

:tex2html_wrap_indisplay1561:lthtmlCropMarkHeight:=15.37892pt

:tex2html_wrap_indisplay1561:lthtmlCropMarkDepth:=0.39098pt:1ex:=4.30554pt
[117]

:tex2html_wrap_indisplay1562:lthtmlCropMarkHeight:=27.10481pt

:tex2html_wrap_indisplay1562:lthtmlCropMarkDepth:=16.10481pt:1ex:=4.30554pt
[118]

:tex2html_wrap_inline1564:lthtmlCropMarkHeight:=13.5pt

:tex2html_wrap_inline1564:lthtmlCropMarkDepth:=2.5pt:1ex:=4.30554pt
[119]

:tex2html_wrap_indisplay1566:lthtmlCropMarkHeight:=31.77216pt

:tex2html_wrap_indisplay1566:lthtmlCropMarkDepth:=20.77216pt:1ex:=4.30554pt
[120]

:tex2html_wrap_indisplay1569:lthtmlCropMarkHeight:=24.28339pt

:tex2html_wrap_indisplay1569:lthtmlCropMarkDepth:=13.02782pt:1ex:=4.30554pt
[121]

:tex2html_wrap_indisplay1571:lthtmlCropMarkHeight:=14.91226pt

:tex2html_wrap_indisplay1571:lthtmlCropMarkDepth:=2.5pt:1ex:=4.30554pt
[122]

:tex2html_wrap_indisplay1573:lthtmlCropMarkHeight:=13.5pt

:tex2html_wrap_indisplay1573:lthtmlCropMarkDepth:=3.55557pt:1ex:=4.30554pt
[123]

:tex2html_wrap_indisplay1574:lthtmlCropMarkHeight:=24.28339pt

:tex2html_wrap_indisplay1574:lthtmlCropMarkDepth:=12.79865pt:1ex:=4.30554pt
[124]

:tex2html_wrap_inline1576:lthtmlCropMarkHeight:=13.5pt

:tex2html_wrap_inline1576:lthtmlCropMarkDepth:=2.5pt:1ex:=4.30554pt
[125]

:tex2html_wrap_inline1578:lthtmlCropMarkHeight:=10.30554pt

:tex2html_wrap_inline1578:lthtmlCropMarkDepth:=1.94444pt:1ex:=4.30554pt
[126]

:tex2html_wrap_inline1580:lthtmlCropMarkHeight:=13.5pt

:tex2html_wrap_inline1580:lthtmlCropMarkDepth:=2.5pt:1ex:=4.30554pt
[127]

:tex2html_wrap_inline1582:lthtmlCropMarkHeight:=13.5pt

:tex2html_wrap_inline1582:lthtmlCropMarkDepth:=2.5pt:1ex:=4.30554pt
[128]

:tex2html_wrap_inline1584:lthtmlCropMarkHeight:=13.5pt

:tex2html_wrap_inline1584:lthtmlCropMarkDepth:=2.94777pt:1ex:=4.30554pt
[129]

:tex2html_wrap_inline1586:lthtmlCropMarkHeight:=14.49002pt

:tex2html_wrap_inline1586:lthtmlCropMarkDepth:=2.5pt:1ex:=4.30554pt
[130]

:tex2html_wrap_inline1588:lthtmlCropMarkHeight:=12.94444pt

:tex2html_wrap_inline1588:lthtmlCropMarkDepth:=0.39098pt:1ex:=4.30554pt
[131]

:tex2html_wrap_indisplay1590:lthtmlCropMarkHeight:=26.50017pt

:tex2html_wrap_indisplay1590:lthtmlCropMarkDepth:=15.50017pt:1ex:=4.30554pt
[132]

:tex2html_wrap_inline1592:lthtmlCropMarkHeight:=14.20554pt

:tex2html_wrap_inline1592:lthtmlCropMarkDepth:=0.0pt:1ex:=4.30554pt
[133]

:tex2html_wrap_inline1594:lthtmlCropMarkHeight:=14.8332pt

:tex2html_wrap_inline1594:lthtmlCropMarkDepth:=2.5pt:1ex:=4.30554pt
[134]

:tex2html_wrap_inline1596:lthtmlCropMarkHeight:=14.41226pt

:tex2html_wrap_inline1596:lthtmlCropMarkDepth:=0.0pt:1ex:=4.30554pt
[135]

:tex2html_wrap_inline1598:lthtmlCropMarkHeight:=14.41226pt

:tex2html_wrap_inline1598:lthtmlCropMarkDepth:=2.5pt:1ex:=4.30554pt
[136]

:tex2html_wrap_inline1600:lthtmlCropMarkHeight:=14.41226pt

:tex2html_wrap_inline1600:lthtmlCropMarkDepth:=2.5pt:1ex:=4.30554pt
[137]

:tex2html_wrap_inline1602:lthtmlCropMarkHeight:=13.5pt

:tex2html_wrap_inline1602:lthtmlCropMarkDepth:=2.5pt:1ex:=4.30554pt
[138]

:tex2html_wrap_inline1608:lthtmlCropMarkHeight:=12.83331pt

:tex2html_wrap_inline1608:lthtmlCropMarkDepth:=0.0pt:1ex:=4.30554pt
[139]

:tex2html_wrap_inline1612:lthtmlCropMarkHeight:=13.5pt

:tex2html_wrap_inline1612:lthtmlCropMarkDepth:=2.5pt:1ex:=4.30554pt
[140]

:tex2html_wrap_inline1615:lthtmlCropMarkHeight:=10.30554pt

:tex2html_wrap_inline1615:lthtmlCropMarkDepth:=0.0pt:1ex:=4.30554pt
[141]

:tex2html_wrap_inline1617:lthtmlCropMarkHeight:=13.5pt

:tex2html_wrap_inline1617:lthtmlCropMarkDepth:=2.5pt:1ex:=4.30554pt
[142]

:tex2html_wrap_inline1619:lthtmlCropMarkHeight:=13.14444pt

:tex2html_wrap_inline1619:lthtmlCropMarkDepth:=1.94444pt:1ex:=4.30554pt
[143]

:tex2html_wrap_inline1623:lthtmlCropMarkHeight:=11.83333pt

:tex2html_wrap_inline1623:lthtmlCropMarkDepth:=0.83333pt:1ex:=4.30554pt
[144]

:tex2html_wrap_inline1625:lthtmlCropMarkHeight:=14.41226pt

:tex2html_wrap_inline1625:lthtmlCropMarkDepth:=0.0pt:1ex:=4.30554pt
[145]

:tex2html_wrap_inline1627:lthtmlCropMarkHeight:=15.28334pt

:tex2html_wrap_inline1627:lthtmlCropMarkDepth:=2.5pt:1ex:=4.30554pt
[146]

:tex2html_wrap_inline1633:lthtmlCropMarkHeight:=12.83331pt

:tex2html_wrap_inline1633:lthtmlCropMarkDepth:=0.0pt:1ex:=4.30554pt
[147]

:tex2html_wrap_inline1634:lthtmlCropMarkHeight:=13.5pt

:tex2html_wrap_inline1634:lthtmlCropMarkDepth:=2.5pt:1ex:=4.30554pt
[148]

:tex2html_wrap_inline1636:lthtmlCropMarkHeight:=14.14003pt

:tex2html_wrap_inline1636:lthtmlCropMarkDepth:=3.55557pt:1ex:=4.30554pt
[149]

:tex2html_wrap_inline1637:lthtmlCropMarkHeight:=14.14003pt

:tex2html_wrap_inline1637:lthtmlCropMarkDepth:=3.55557pt:1ex:=4.30554pt
[150]

:tex2html_wrap_inline1641:lthtmlCropMarkHeight:=14.78888pt

:tex2html_wrap_inline1641:lthtmlCropMarkDepth:=5.15549pt:1ex:=4.30554pt
[151]

:tex2html_wrap_inline1643:lthtmlCropMarkHeight:=13.5pt

:tex2html_wrap_inline1643:lthtmlCropMarkDepth:=2.5pt:1ex:=4.30554pt
[152]

:tex2html_wrap_inline1645:lthtmlCropMarkHeight:=12.94444pt

:tex2html_wrap_inline1645:lthtmlCropMarkDepth:=2.5611pt:1ex:=4.30554pt
[153]

:tex2html_wrap_indisplay1646:lthtmlCropMarkHeight:=13.14444pt

:tex2html_wrap_indisplay1646:lthtmlCropMarkDepth:=1.49998pt:1ex:=4.30554pt
[154]

:tex2html_wrap_indisplay1647:lthtmlCropMarkHeight:=14.64003pt

:tex2html_wrap_indisplay1647:lthtmlCropMarkDepth:=3.55557pt:1ex:=4.30554pt
[155]

:tex2html_wrap_indisplay1649:lthtmlCropMarkHeight:=14.64003pt

:tex2html_wrap_indisplay1649:lthtmlCropMarkDepth:=3.55557pt:1ex:=4.30554pt
[156]

:tex2html_wrap_indisplay1650:lthtmlCropMarkHeight:=14.64003pt

:tex2html_wrap_indisplay1650:lthtmlCropMarkDepth:=3.55557pt:1ex:=4.30554pt
[157]

:tex2html_wrap_inline1652:lthtmlCropMarkHeight:=13.5pt

:tex2html_wrap_inline1652:lthtmlCropMarkDepth:=2.5611pt:1ex:=4.30554pt
[158] (./images.aux)
 ***********
LaTeX2e <2023-11-01> patch level 1
L3 programming layer <2024-01-22>
 ***********

LaTeX Font Warning: Size substitutions with differences
(Font)              up to 128.69374pt have occurred.


Package rerunfilecheck Warning: File `images.out' has changed.
(rerunfilecheck)                Rerun to get outlines right
(rerunfilecheck)                or use package `bookmark'.

Package rerunfilecheck Info: Checksums for `images.out':
(rerunfilecheck)             Before: <no file>
(rerunfilecheck)             After:  D41D8CD98F00B204E9800998ECF8427E;0.
 ) 
Here is how much of TeX's memory you used:
 13248 strings out of 476106
 218725 string characters out of 5793934
 1925975 words of memory out of 5000000
 34924 multiletter control sequences out of 15000+600000
 562824 words of font info for 54 fonts, out of 8000000 for 9000
 59 hyphenation exceptions out of 8191
 79i,11n,93p,275b,441s stack positions out of 10000i,1000n,20000p,200000b,200000s
</usr/share/texlive/texmf-dist/fonts/type1/public/amsfonts/cm/cmex10.pfb></us
r/share/texlive/texmf-dist/fonts/type1/public/amsfonts/cm/cmmi10.pfb></usr/shar
e/texlive/texmf-dist/fonts/type1/public/amsfonts/cm/cmmi5.pfb></usr/share/texli
ve/texmf-dist/fonts/type1/public/amsfonts/cm/cmmi7.pfb></usr/share/texlive/texm
f-dist/fonts/type1/public/amsfonts/cm/cmr10.pfb></usr/share/texlive/texmf-dist/
fonts/type1/public/amsfonts/cm/cmr17.pfb></usr/share/texlive/texmf-dist/fonts/t
ype1/public/amsfonts/cm/cmr5.pfb></usr/share/texlive/texmf-dist/fonts/type1/pub
lic/amsfonts/cm/cmr7.pfb></usr/share/texlive/texmf-dist/fonts/type1/public/amsf
onts/cm/cmsy10.pfb></usr/share/texlive/texmf-dist/fonts/type1/public/amsfonts/c
m/cmsy5.pfb></usr/share/texlive/texmf-dist/fonts/type1/public/amsfonts/cm/cmsy7
.pfb></usr/share/texlive/texmf-dist/fonts/type1/public/amsfonts/symbols/msbm10.
pfb>
Output written on images.pdf (158 pages, 191470 bytes).
PDF statistics:
 769 PDF objects out of 1000 (max. 8388607)
 579 compressed objects within 6 object streams
 158 named destinations out of 1000 (max. 500000)
 1 words of extra memory for PDF output out of 10000 (max. 10000000)

